Determining if the pthread_create exist failed with the following output:
Change Dir: /home/ccfy/slam_study/slam_projects/octomap_study/build/CMakeFiles/CMakeTmp

Run Build Command:"/usr/bin/make" "cmTC_13c78/fast"
/usr/bin/make -f CMakeFiles/cmTC_13c78.dir/build.make CMakeFiles/cmTC_13c78.dir/build
make[1]: Entering directory '/home/ccfy/slam_study/slam_projects/octomap_study/build/CMakeFiles/CMakeTmp'
Building C object CMakeFiles/cmTC_13c78.dir/CheckSymbolExists.c.o
/usr/bin/cc     -o CMakeFiles/cmTC_13c78.dir/CheckSymbolExists.c.o   -c /home/ccfy/slam_study/slam_projects/octomap_study/build/CMakeFiles/CMakeTmp/CheckSymbolExists.c
Linking C executable cmTC_13c78
/usr/bin/cmake -E cmake_link_script CMakeFiles/cmTC_13c78.dir/link.txt --verbose=1
/usr/bin/cc       CMakeFiles/cmTC_13c78.dir/CheckSymbolExists.c.o  -o cmTC_13c78 -rdynamic 
CMakeFiles/cmTC_13c78.dir/CheckSymbolExists.c.o：在函数‘main’中：
CheckSymbolExists.c:(.text+0x16)：对‘pthread_create’未定义的引用
collect2: error: ld returned 1 exit status
CMakeFiles/cmTC_13c78.dir/build.make:97: recipe for target 'cmTC_13c78' failed
make[1]: *** [cmTC_13c78] Error 1
make[1]: Leaving directory '/home/ccfy/slam_study/slam_projects/octomap_study/build/CMakeFiles/CMakeTmp'
Makefile:126: recipe for target 'cmTC_13c78/fast' failed
make: *** [cmTC_13c78/fast] Error 2

File /home/ccfy/slam_study/slam_projects/octomap_study/build/CMakeFiles/CMakeTmp/CheckSymbolExists.c:
/* */
#include <pthread.h>

int main(int argc, char** argv)
{
  (void)argv;
#ifndef pthread_create
  return ((int*)(&pthread_create))[argc];
#else
  (void)argc;
  return 0;
#endif
}

Determining if the function pthread_create exists in the pthreads failed with the following output:
Change Dir: /home/ccfy/slam_study/slam_projects/octomap_study/build/CMakeFiles/CMakeTmp

Run Build Command:"/usr/bin/make" "cmTC_f18c9/fast"
/usr/bin/make -f CMakeFiles/cmTC_f18c9.dir/build.make CMakeFiles/cmTC_f18c9.dir/build
make[1]: Entering directory '/home/ccfy/slam_study/slam_projects/octomap_study/build/CMakeFiles/CMakeTmp'
Building C object CMakeFiles/cmTC_f18c9.dir/CheckFunctionExists.c.o
/usr/bin/cc    -DCHECK_FUNCTION_EXISTS=pthread_create   -o CMakeFiles/cmTC_f18c9.dir/CheckFunctionExists.c.o   -c /usr/share/cmake-3.5/Modules/CheckFunctionExists.c
Linking C executable cmTC_f18c9
/usr/bin/cmake -E cmake_link_script CMakeFiles/cmTC_f18c9.dir/link.txt --verbose=1
/usr/bin/cc   -DCHECK_FUNCTION_EXISTS=pthread_create    CMakeFiles/cmTC_f18c9.dir/CheckFunctionExists.c.o  -o cmTC_f18c9 -rdynamic -lpthreads 
/usr/bin/ld: 找不到 -lpthreads
collect2: error: ld returned 1 exit status
CMakeFiles/cmTC_f18c9.dir/build.make:97: recipe for target 'cmTC_f18c9' failed
make[1]: *** [cmTC_f18c9] Error 1
make[1]: Leaving directory '/home/ccfy/slam_study/slam_projects/octomap_study/build/CMakeFiles/CMakeTmp'
Makefile:126: recipe for target 'cmTC_f18c9/fast' failed
make: *** [cmTC_f18c9/fast] Error 2


Determining if the pthread_create exist failed with the following output:
Change Dir: /home/ccfy/slam_study/slam_projects/octomap_study/build/CMakeFiles/CMakeTmp

Run Build Command:"/usr/bin/make" "cmTC_8a44c/fast"
make[1]: Entering directory '/home/ccfy/slam_study/slam_projects/octomap_study/build/CMakeFiles/CMakeTmp'
/usr/bin/make -f CMakeFiles/cmTC_8a44c.dir/build.make CMakeFiles/cmTC_8a44c.dir/build
make[2]: Entering directory '/home/ccfy/slam_study/slam_projects/octomap_study/build/CMakeFiles/CMakeTmp'
Building C object CMakeFiles/cmTC_8a44c.dir/CheckSymbolExists.c.o
/usr/bin/cc     -o CMakeFiles/cmTC_8a44c.dir/CheckSymbolExists.c.o   -c /home/ccfy/slam_study/slam_projects/octomap_study/build/CMakeFiles/CMakeTmp/CheckSymbolExists.c
Linking C executable cmTC_8a44c
/usr/bin/cmake -E cmake_link_script CMakeFiles/cmTC_8a44c.dir/link.txt --verbose=1
/usr/bin/cc       CMakeFiles/cmTC_8a44c.dir/CheckSymbolExists.c.o  -o cmTC_8a44c -rdynamic 
CMakeFiles/cmTC_8a44c.dir/CheckSymbolExists.c.o：在函数‘main’中：
CheckSymbolExists.c:(.text+0x16)：对‘pthread_create’未定义的引用
collect2: error: ld returned 1 exit status
CMakeFiles/cmTC_8a44c.dir/build.make:97: recipe for target 'cmTC_8a44c' failed
make[2]: *** [cmTC_8a44c] Error 1
make[2]: Leaving directory '/home/ccfy/slam_study/slam_projects/octomap_study/build/CMakeFiles/CMakeTmp'
Makefile:126: recipe for target 'cmTC_8a44c/fast' failed
make[1]: *** [cmTC_8a44c/fast] Error 2
make[1]: Leaving directory '/home/ccfy/slam_study/slam_projects/octomap_study/build/CMakeFiles/CMakeTmp'

File /home/ccfy/slam_study/slam_projects/octomap_study/build/CMakeFiles/CMakeTmp/CheckSymbolExists.c:
/* */
#include <pthread.h>

int main(int argc, char** argv)
{
  (void)argv;
#ifndef pthread_create
  return ((int*)(&pthread_create))[argc];
#else
  (void)argc;
  return 0;
#endif
}

Determining if the function pthread_create exists in the pthreads failed with the following output:
Change Dir: /home/ccfy/slam_study/slam_projects/octomap_study/build/CMakeFiles/CMakeTmp

Run Build Command:"/usr/bin/make" "cmTC_ecbad/fast"
make[1]: Entering directory '/home/ccfy/slam_study/slam_projects/octomap_study/build/CMakeFiles/CMakeTmp'
/usr/bin/make -f CMakeFiles/cmTC_ecbad.dir/build.make CMakeFiles/cmTC_ecbad.dir/build
make[2]: Entering directory '/home/ccfy/slam_study/slam_projects/octomap_study/build/CMakeFiles/CMakeTmp'
Building C object CMakeFiles/cmTC_ecbad.dir/CheckFunctionExists.c.o
/usr/bin/cc    -DCHECK_FUNCTION_EXISTS=pthread_create   -o CMakeFiles/cmTC_ecbad.dir/CheckFunctionExists.c.o   -c /usr/share/cmake-3.5/Modules/CheckFunctionExists.c
Linking C executable cmTC_ecbad
/usr/bin/cmake -E cmake_link_script CMakeFiles/cmTC_ecbad.dir/link.txt --verbose=1
/usr/bin/cc   -DCHECK_FUNCTION_EXISTS=pthread_create    CMakeFiles/cmTC_ecbad.dir/CheckFunctionExists.c.o  -o cmTC_ecbad -rdynamic -lpthreads 
/usr/bin/ld: 找不到 -lpthreads
collect2: error: ld returned 1 exit status
CMakeFiles/cmTC_ecbad.dir/build.make:97: recipe for target 'cmTC_ecbad' failed
make[2]: *** [cmTC_ecbad] Error 1
make[2]: Leaving directory '/home/ccfy/slam_study/slam_projects/octomap_study/build/CMakeFiles/CMakeTmp'
Makefile:126: recipe for target 'cmTC_ecbad/fast' failed
make[1]: *** [cmTC_ecbad/fast] Error 2
make[1]: Leaving directory '/home/ccfy/slam_study/slam_projects/octomap_study/build/CMakeFiles/CMakeTmp'


Determining if the pthread_create exist failed with the following output:
Change Dir: /home/ccfy/slam_study/slam_projects/octomap_study/build/CMakeFiles/CMakeTmp

Run Build Command:"/usr/bin/make" "cmTC_939f3/fast"
make[1]: Entering directory '/home/ccfy/slam_study/slam_projects/octomap_study/build/CMakeFiles/CMakeTmp'
/usr/bin/make -f CMakeFiles/cmTC_939f3.dir/build.make CMakeFiles/cmTC_939f3.dir/build
make[2]: Entering directory '/home/ccfy/slam_study/slam_projects/octomap_study/build/CMakeFiles/CMakeTmp'
Building C object CMakeFiles/cmTC_939f3.dir/CheckSymbolExists.c.o
/usr/bin/cc     -o CMakeFiles/cmTC_939f3.dir/CheckSymbolExists.c.o   -c /home/ccfy/slam_study/slam_projects/octomap_study/build/CMakeFiles/CMakeTmp/CheckSymbolExists.c
Linking C executable cmTC_939f3
/usr/bin/cmake -E cmake_link_script CMakeFiles/cmTC_939f3.dir/link.txt --verbose=1
/usr/bin/cc       CMakeFiles/cmTC_939f3.dir/CheckSymbolExists.c.o  -o cmTC_939f3 -rdynamic 
CMakeFiles/cmTC_939f3.dir/CheckSymbolExists.c.o：在函数‘main’中：
CheckSymbolExists.c:(.text+0x16)：对‘pthread_create’未定义的引用
collect2: error: ld returned 1 exit status
CMakeFiles/cmTC_939f3.dir/build.make:97: recipe for target 'cmTC_939f3' failed
make[2]: *** [cmTC_939f3] Error 1
make[2]: Leaving directory '/home/ccfy/slam_study/slam_projects/octomap_study/build/CMakeFiles/CMakeTmp'
Makefile:126: recipe for target 'cmTC_939f3/fast' failed
make[1]: *** [cmTC_939f3/fast] Error 2
make[1]: Leaving directory '/home/ccfy/slam_study/slam_projects/octomap_study/build/CMakeFiles/CMakeTmp'

File /home/ccfy/slam_study/slam_projects/octomap_study/build/CMakeFiles/CMakeTmp/CheckSymbolExists.c:
/* */
#include <pthread.h>

int main(int argc, char** argv)
{
  (void)argv;
#ifndef pthread_create
  return ((int*)(&pthread_create))[argc];
#else
  (void)argc;
  return 0;
#endif
}

Determining if the function pthread_create exists in the pthreads failed with the following output:
Change Dir: /home/ccfy/slam_study/slam_projects/octomap_study/build/CMakeFiles/CMakeTmp

Run Build Command:"/usr/bin/make" "cmTC_7a99d/fast"
make[1]: Entering directory '/home/ccfy/slam_study/slam_projects/octomap_study/build/CMakeFiles/CMakeTmp'
/usr/bin/make -f CMakeFiles/cmTC_7a99d.dir/build.make CMakeFiles/cmTC_7a99d.dir/build
make[2]: Entering directory '/home/ccfy/slam_study/slam_projects/octomap_study/build/CMakeFiles/CMakeTmp'
Building C object CMakeFiles/cmTC_7a99d.dir/CheckFunctionExists.c.o
/usr/bin/cc    -DCHECK_FUNCTION_EXISTS=pthread_create   -o CMakeFiles/cmTC_7a99d.dir/CheckFunctionExists.c.o   -c /usr/share/cmake-3.5/Modules/CheckFunctionExists.c
Linking C executable cmTC_7a99d
/usr/bin/cmake -E cmake_link_script CMakeFiles/cmTC_7a99d.dir/link.txt --verbose=1
/usr/bin/cc   -DCHECK_FUNCTION_EXISTS=pthread_create    CMakeFiles/cmTC_7a99d.dir/CheckFunctionExists.c.o  -o cmTC_7a99d -rdynamic -lpthreads 
/usr/bin/ld: 找不到 -lpthreads
collect2: error: ld returned 1 exit status
CMakeFiles/cmTC_7a99d.dir/build.make:97: recipe for target 'cmTC_7a99d' failed
make[2]: *** [cmTC_7a99d] Error 1
make[2]: Leaving directory '/home/ccfy/slam_study/slam_projects/octomap_study/build/CMakeFiles/CMakeTmp'
Makefile:126: recipe for target 'cmTC_7a99d/fast' failed
make[1]: *** [cmTC_7a99d/fast] Error 2
make[1]: Leaving directory '/home/ccfy/slam_study/slam_projects/octomap_study/build/CMakeFiles/CMakeTmp'


Determining if the pthread_create exist failed with the following output:
Change Dir: /home/ccfy/slam_study/slam_projects/octomap_study/build/CMakeFiles/CMakeTmp

Run Build Command:"/usr/bin/make" "cmTC_1e593/fast"
make[1]: Entering directory '/home/ccfy/slam_study/slam_projects/octomap_study/build/CMakeFiles/CMakeTmp'
/usr/bin/make -f CMakeFiles/cmTC_1e593.dir/build.make CMakeFiles/cmTC_1e593.dir/build
make[2]: Entering directory '/home/ccfy/slam_study/slam_projects/octomap_study/build/CMakeFiles/CMakeTmp'
Building C object CMakeFiles/cmTC_1e593.dir/CheckSymbolExists.c.o
/usr/bin/cc     -o CMakeFiles/cmTC_1e593.dir/CheckSymbolExists.c.o   -c /home/ccfy/slam_study/slam_projects/octomap_study/build/CMakeFiles/CMakeTmp/CheckSymbolExists.c
Linking C executable cmTC_1e593
/usr/bin/cmake -E cmake_link_script CMakeFiles/cmTC_1e593.dir/link.txt --verbose=1
/usr/bin/cc       CMakeFiles/cmTC_1e593.dir/CheckSymbolExists.c.o  -o cmTC_1e593 -rdynamic 
CMakeFiles/cmTC_1e593.dir/CheckSymbolExists.c.o：在函数‘main’中：
CheckSymbolExists.c:(.text+0x16)：对‘pthread_create’未定义的引用
collect2: error: ld returned 1 exit status
CMakeFiles/cmTC_1e593.dir/build.make:97: recipe for target 'cmTC_1e593' failed
make[2]: *** [cmTC_1e593] Error 1
make[2]: Leaving directory '/home/ccfy/slam_study/slam_projects/octomap_study/build/CMakeFiles/CMakeTmp'
Makefile:126: recipe for target 'cmTC_1e593/fast' failed
make[1]: *** [cmTC_1e593/fast] Error 2
make[1]: Leaving directory '/home/ccfy/slam_study/slam_projects/octomap_study/build/CMakeFiles/CMakeTmp'

File /home/ccfy/slam_study/slam_projects/octomap_study/build/CMakeFiles/CMakeTmp/CheckSymbolExists.c:
/* */
#include <pthread.h>

int main(int argc, char** argv)
{
  (void)argv;
#ifndef pthread_create
  return ((int*)(&pthread_create))[argc];
#else
  (void)argc;
  return 0;
#endif
}

Determining if the function pthread_create exists in the pthreads failed with the following output:
Change Dir: /home/ccfy/slam_study/slam_projects/octomap_study/build/CMakeFiles/CMakeTmp

Run Build Command:"/usr/bin/make" "cmTC_043fb/fast"
make[1]: Entering directory '/home/ccfy/slam_study/slam_projects/octomap_study/build/CMakeFiles/CMakeTmp'
/usr/bin/make -f CMakeFiles/cmTC_043fb.dir/build.make CMakeFiles/cmTC_043fb.dir/build
make[2]: Entering directory '/home/ccfy/slam_study/slam_projects/octomap_study/build/CMakeFiles/CMakeTmp'
Building C object CMakeFiles/cmTC_043fb.dir/CheckFunctionExists.c.o
/usr/bin/cc    -DCHECK_FUNCTION_EXISTS=pthread_create   -o CMakeFiles/cmTC_043fb.dir/CheckFunctionExists.c.o   -c /usr/share/cmake-3.5/Modules/CheckFunctionExists.c
Linking C executable cmTC_043fb
/usr/bin/cmake -E cmake_link_script CMakeFiles/cmTC_043fb.dir/link.txt --verbose=1
/usr/bin/cc   -DCHECK_FUNCTION_EXISTS=pthread_create    CMakeFiles/cmTC_043fb.dir/CheckFunctionExists.c.o  -o cmTC_043fb -rdynamic -lpthreads 
/usr/bin/ld: 找不到 -lpthreads
collect2: error: ld returned 1 exit status
CMakeFiles/cmTC_043fb.dir/build.make:97: recipe for target 'cmTC_043fb' failed
make[2]: *** [cmTC_043fb] Error 1
make[2]: Leaving directory '/home/ccfy/slam_study/slam_projects/octomap_study/build/CMakeFiles/CMakeTmp'
Makefile:126: recipe for target 'cmTC_043fb/fast' failed
make[1]: *** [cmTC_043fb/fast] Error 2
make[1]: Leaving directory '/home/ccfy/slam_study/slam_projects/octomap_study/build/CMakeFiles/CMakeTmp'


Determining if the pthread_create exist failed with the following output:
Change Dir: /home/ccfy/slam_study/slam_projects/octomap_study/build/CMakeFiles/CMakeTmp

Run Build Command:"/usr/bin/make" "cmTC_83f6e/fast"
make[1]: Entering directory '/home/ccfy/slam_study/slam_projects/octomap_study/build/CMakeFiles/CMakeTmp'
/usr/bin/make -f CMakeFiles/cmTC_83f6e.dir/build.make CMakeFiles/cmTC_83f6e.dir/build
make[2]: Entering directory '/home/ccfy/slam_study/slam_projects/octomap_study/build/CMakeFiles/CMakeTmp'
Building C object CMakeFiles/cmTC_83f6e.dir/CheckSymbolExists.c.o
/usr/bin/cc     -o CMakeFiles/cmTC_83f6e.dir/CheckSymbolExists.c.o   -c /home/ccfy/slam_study/slam_projects/octomap_study/build/CMakeFiles/CMakeTmp/CheckSymbolExists.c
Linking C executable cmTC_83f6e
/usr/bin/cmake -E cmake_link_script CMakeFiles/cmTC_83f6e.dir/link.txt --verbose=1
/usr/bin/cc       CMakeFiles/cmTC_83f6e.dir/CheckSymbolExists.c.o  -o cmTC_83f6e -rdynamic 
CMakeFiles/cmTC_83f6e.dir/CheckSymbolExists.c.o：在函数‘main’中：
CheckSymbolExists.c:(.text+0x16)：对‘pthread_create’未定义的引用
collect2: error: ld returned 1 exit status
CMakeFiles/cmTC_83f6e.dir/build.make:97: recipe for target 'cmTC_83f6e' failed
make[2]: *** [cmTC_83f6e] Error 1
make[2]: Leaving directory '/home/ccfy/slam_study/slam_projects/octomap_study/build/CMakeFiles/CMakeTmp'
Makefile:126: recipe for target 'cmTC_83f6e/fast' failed
make[1]: *** [cmTC_83f6e/fast] Error 2
make[1]: Leaving directory '/home/ccfy/slam_study/slam_projects/octomap_study/build/CMakeFiles/CMakeTmp'

File /home/ccfy/slam_study/slam_projects/octomap_study/build/CMakeFiles/CMakeTmp/CheckSymbolExists.c:
/* */
#include <pthread.h>

int main(int argc, char** argv)
{
  (void)argv;
#ifndef pthread_create
  return ((int*)(&pthread_create))[argc];
#else
  (void)argc;
  return 0;
#endif
}

Determining if the function pthread_create exists in the pthreads failed with the following output:
Change Dir: /home/ccfy/slam_study/slam_projects/octomap_study/build/CMakeFiles/CMakeTmp

Run Build Command:"/usr/bin/make" "cmTC_f8290/fast"
make[1]: Entering directory '/home/ccfy/slam_study/slam_projects/octomap_study/build/CMakeFiles/CMakeTmp'
/usr/bin/make -f CMakeFiles/cmTC_f8290.dir/build.make CMakeFiles/cmTC_f8290.dir/build
make[2]: Entering directory '/home/ccfy/slam_study/slam_projects/octomap_study/build/CMakeFiles/CMakeTmp'
Building C object CMakeFiles/cmTC_f8290.dir/CheckFunctionExists.c.o
/usr/bin/cc    -DCHECK_FUNCTION_EXISTS=pthread_create   -o CMakeFiles/cmTC_f8290.dir/CheckFunctionExists.c.o   -c /usr/share/cmake-3.5/Modules/CheckFunctionExists.c
Linking C executable cmTC_f8290
/usr/bin/cmake -E cmake_link_script CMakeFiles/cmTC_f8290.dir/link.txt --verbose=1
/usr/bin/cc   -DCHECK_FUNCTION_EXISTS=pthread_create    CMakeFiles/cmTC_f8290.dir/CheckFunctionExists.c.o  -o cmTC_f8290 -rdynamic -lpthreads 
/usr/bin/ld: 找不到 -lpthreads
collect2: error: ld returned 1 exit status
CMakeFiles/cmTC_f8290.dir/build.make:97: recipe for target 'cmTC_f8290' failed
make[2]: *** [cmTC_f8290] Error 1
make[2]: Leaving directory '/home/ccfy/slam_study/slam_projects/octomap_study/build/CMakeFiles/CMakeTmp'
Makefile:126: recipe for target 'cmTC_f8290/fast' failed
make[1]: *** [cmTC_f8290/fast] Error 2
make[1]: Leaving directory '/home/ccfy/slam_study/slam_projects/octomap_study/build/CMakeFiles/CMakeTmp'


Determining if the pthread_create exist failed with the following output:
Change Dir: /home/ccfy/slam_study/slam_projects/octomap_study/build/CMakeFiles/CMakeTmp

Run Build Command:"/usr/bin/make" "cmTC_48c8c/fast"
make[1]: Entering directory '/home/ccfy/slam_study/slam_projects/octomap_study/build/CMakeFiles/CMakeTmp'
/usr/bin/make -f CMakeFiles/cmTC_48c8c.dir/build.make CMakeFiles/cmTC_48c8c.dir/build
make[2]: Entering directory '/home/ccfy/slam_study/slam_projects/octomap_study/build/CMakeFiles/CMakeTmp'
Building C object CMakeFiles/cmTC_48c8c.dir/CheckSymbolExists.c.o
/usr/bin/cc     -o CMakeFiles/cmTC_48c8c.dir/CheckSymbolExists.c.o   -c /home/ccfy/slam_study/slam_projects/octomap_study/build/CMakeFiles/CMakeTmp/CheckSymbolExists.c
Linking C executable cmTC_48c8c
/usr/bin/cmake -E cmake_link_script CMakeFiles/cmTC_48c8c.dir/link.txt --verbose=1
/usr/bin/cc       CMakeFiles/cmTC_48c8c.dir/CheckSymbolExists.c.o  -o cmTC_48c8c -rdynamic 
CMakeFiles/cmTC_48c8c.dir/CheckSymbolExists.c.o：在函数‘main’中：
CheckSymbolExists.c:(.text+0x16)：对‘pthread_create’未定义的引用
collect2: error: ld returned 1 exit status
CMakeFiles/cmTC_48c8c.dir/build.make:97: recipe for target 'cmTC_48c8c' failed
make[2]: *** [cmTC_48c8c] Error 1
make[2]: Leaving directory '/home/ccfy/slam_study/slam_projects/octomap_study/build/CMakeFiles/CMakeTmp'
Makefile:126: recipe for target 'cmTC_48c8c/fast' failed
make[1]: *** [cmTC_48c8c/fast] Error 2
make[1]: Leaving directory '/home/ccfy/slam_study/slam_projects/octomap_study/build/CMakeFiles/CMakeTmp'

File /home/ccfy/slam_study/slam_projects/octomap_study/build/CMakeFiles/CMakeTmp/CheckSymbolExists.c:
/* */
#include <pthread.h>

int main(int argc, char** argv)
{
  (void)argv;
#ifndef pthread_create
  return ((int*)(&pthread_create))[argc];
#else
  (void)argc;
  return 0;
#endif
}

Determining if the function pthread_create exists in the pthreads failed with the following output:
Change Dir: /home/ccfy/slam_study/slam_projects/octomap_study/build/CMakeFiles/CMakeTmp

Run Build Command:"/usr/bin/make" "cmTC_41b91/fast"
make[1]: Entering directory '/home/ccfy/slam_study/slam_projects/octomap_study/build/CMakeFiles/CMakeTmp'
/usr/bin/make -f CMakeFiles/cmTC_41b91.dir/build.make CMakeFiles/cmTC_41b91.dir/build
make[2]: Entering directory '/home/ccfy/slam_study/slam_projects/octomap_study/build/CMakeFiles/CMakeTmp'
Building C object CMakeFiles/cmTC_41b91.dir/CheckFunctionExists.c.o
/usr/bin/cc    -DCHECK_FUNCTION_EXISTS=pthread_create   -o CMakeFiles/cmTC_41b91.dir/CheckFunctionExists.c.o   -c /usr/share/cmake-3.5/Modules/CheckFunctionExists.c
Linking C executable cmTC_41b91
/usr/bin/cmake -E cmake_link_script CMakeFiles/cmTC_41b91.dir/link.txt --verbose=1
/usr/bin/cc   -DCHECK_FUNCTION_EXISTS=pthread_create    CMakeFiles/cmTC_41b91.dir/CheckFunctionExists.c.o  -o cmTC_41b91 -rdynamic -lpthreads 
/usr/bin/ld: 找不到 -lpthreads
collect2: error: ld returned 1 exit status
CMakeFiles/cmTC_41b91.dir/build.make:97: recipe for target 'cmTC_41b91' failed
make[2]: *** [cmTC_41b91] Error 1
make[2]: Leaving directory '/home/ccfy/slam_study/slam_projects/octomap_study/build/CMakeFiles/CMakeTmp'
Makefile:126: recipe for target 'cmTC_41b91/fast' failed
make[1]: *** [cmTC_41b91/fast] Error 2
make[1]: Leaving directory '/home/ccfy/slam_study/slam_projects/octomap_study/build/CMakeFiles/CMakeTmp'


